{
  "RSpec": {
    "coverage": {
      "C:/Users/Danie/Desktop/Makers/MakersBnBMain/makersbnb/app.rb": {
        "lines": [
          1,
          1,
          1,
          1,
          1,
          null,
          1,
          null,
          1,
          1,
          1,
          null,
          null,
          null,
          1,
          0,
          null,
          null,
          1,
          0,
          null,
          null,
          1,
          0,
          null,
          null,
          1,
          0,
          null,
          null,
          1,
          0,
          null,
          null,
          1,
          0,
          null,
          null,
          1,
          0,
          null,
          null,
          1,
          null,
          0,
          null,
          null,
          1,
          0,
          null,
          null,
          0,
          null,
          null,
          1,
          0,
          0,
          null,
          null,
          null
        ]
      },
      "C:/Users/Danie/Desktop/Makers/MakersBnBMain/makersbnb/models/database_start_script.rb": {
        "lines": [
          1,
          null,
          null,
          1,
          1,
          1,
          null,
          0,
          0,
          null,
          null
        ]
      },
      "C:/Users/Danie/Desktop/Makers/MakersBnBMain/makersbnb/models/database_connection.rb": {
        "lines": [
          1,
          null,
          1,
          null,
          1,
          1,
          null,
          null,
          1,
          27,
          null,
          null,
          null
        ]
      },
      "C:/Users/Danie/Desktop/Makers/MakersBnBMain/makersbnb/models/space.rb": {
        "lines": [
          1,
          null,
          null,
          null,
          null,
          1,
          null,
          1,
          null,
          1,
          null,
          9,
          9,
          9,
          9,
          null,
          null,
          1,
          0,
          0,
          null,
          null,
          1,
          0,
          0,
          null,
          null,
          1,
          9,
          9,
          null,
          null,
          null,
          null,
          null,
          null,
          null,
          null,
          null,
          null,
          null,
          null
        ]
      },
      "C:/Users/Danie/Desktop/Makers/MakersBnBMain/makersbnb/models/request.rb": {
        "lines": [
          1,
          null,
          1,
          1,
          null,
          1,
          9,
          9,
          9,
          9,
          9,
          null,
          null,
          1,
          5,
          5,
          null,
          null,
          null,
          1,
          1,
          1,
          null,
          null,
          1,
          9,
          8,
          null,
          7,
          null,
          null,
          1,
          9,
          9,
          null,
          null,
          null,
          1,
          9,
          null,
          9,
          null,
          null,
          1,
          1,
          1,
          1,
          null,
          null,
          1,
          1,
          1,
          null,
          null,
          1,
          8,
          9,
          null,
          null,
          null,
          null,
          null,
          null,
          null,
          null,
          null,
          null
        ]
      },
      "C:/Users/Danie/Desktop/Makers/MakersBnBMain/makersbnb/spec/request_spec.rb": {
        "lines": [
          1,
          null,
          1,
          null,
          1,
          4,
          4,
          4,
          4,
          null,
          null,
          1,
          1,
          1,
          1,
          1,
          1,
          null,
          null,
          1,
          1,
          1,
          1,
          1,
          1,
          1,
          null,
          null,
          1,
          1,
          1,
          1,
          1,
          1,
          null,
          null,
          1,
          1,
          1,
          1,
          1,
          null,
          null,
          null,
          null
        ]
      }
    },
    "timestamp": 1597309999
  }
}
